<?xml version="1.0" encoding="UTF-8"?>
<testsuite name="hello.jdbc.connection.DBConnectionUtilTest" tests="1" skipped="0" failures="0" errors="0" timestamp="2023-08-01T12:27:00" hostname="DESKTOP-J02PHB4" time="0.958">
  <properties/>
  <testcase name="connection()" classname="hello.jdbc.connection.DBConnectionUtilTest" time="0.958"/>
  <system-out><![CDATA[21:27:01.525 [Test worker] INFO hello.jdbc.connection.DBConnectionUtil - get connection=conn0: url=jdbc:h2:tcp://localhost/~/test user=SA, class=class org.h2.jdbc.JdbcConnection
]]></system-out>
  <system-err><![CDATA[]]></system-err>
</testsuite>
